<?xml version="1.0" encoding="UTF-8"?>
<testng-results ignored="0" total="1" passed="1" failed="0" skipped="0">
  <reporter-output>
  </reporter-output>
  <suite started-at="2023-09-11T15:47:59 IST" name="Default suite" finished-at="2023-09-11T15:48:27 IST" duration-ms="28097">
    <groups>
    </groups>
    <test started-at="2023-09-11T15:47:59 IST" name="Default test" finished-at="2023-09-11T15:48:27 IST" duration-ms="28097">
      <class name="Testcases.TC_Login_001">
        <test-method is-config="true" signature="setup()[pri:0, instance:Testcases.TC_Login_001@28261e8e]" started-at="2023-09-11T15:47:59 IST" name="setup" finished-at="2023-09-11T15:48:17 IST" duration-ms="17567" status="PASS">
          <reporter-output>
          </reporter-output>
        </test-method> <!-- setup -->
        <test-method signature="logintest()[pri:0, instance:Testcases.TC_Login_001@28261e8e]" started-at="2023-09-11T15:48:17 IST" name="logintest" finished-at="2023-09-11T15:48:25 IST" duration-ms="8486" status="PASS">
          <reporter-output>
          </reporter-output>
        </test-method> <!-- logintest -->
        <test-method is-config="true" signature="teardown()[pri:0, instance:Testcases.TC_Login_001@28261e8e]" started-at="2023-09-11T15:48:25 IST" name="teardown" finished-at="2023-09-11T15:48:27 IST" duration-ms="1704" status="PASS">
          <reporter-output>
          </reporter-output>
        </test-method> <!-- teardown -->
      </class> <!-- Testcases.TC_Login_001 -->
    </test> <!-- Default test -->
  </suite> <!-- Default suite -->
</testng-results>
